<?xml version="1.0" encoding="UTF-8"?>
<!-- Generated by org.testng.reporters.JUnitXMLReporter -->
<testsuite ignored="0" hostname="LAPTOP-SD3H4COP" failures="1" tests="1" name="Test" time="8.49" errors="0" timestamp="2023-08-01T10:47:40 IST">
  <testcase classname="com.online.testcases.loginTest_DDT_002" name="loginTestDDT" time="0.0">
    <failure type="java.lang.RuntimeException" message="java.io.FileNotFoundException: C:\Users\ASUS\eclipse-workspace\Online\src\test\java\com\online\testData\loginform.xls (The system cannot find the file specified)">
      <![CDATA[java.lang.RuntimeException: java.io.FileNotFoundException: C:\Users\ASUS\eclipse-workspace\Online\src\test\java\com\online\testData\loginform.xls (The system cannot find the file specified)
at java.base/java.util.ArrayList.forEach(ArrayList.java:1511)
Caused by: java.io.FileNotFoundException: C:\Users\ASUS\eclipse-workspace\Online\src\test\java\com\online\testData\loginform.xls (The system cannot find the file specified)
at java.base/java.io.FileInputStream.open0(Native Method)
at java.base/java.io.FileInputStream.open(FileInputStream.java:219)
at java.base/java.io.FileInputStream.<init>(FileInputStream.java:158)
at java.base/java.io.FileInputStream.<init>(FileInputStream.java:112)
at com.online.utilities.XLUtils.getRowCount(XLUtils.java:24)
at com.online.testcases.loginTest_DDT_002.getdata(loginTest_DDT_002.java:58)
... 25 more
... Removed 30 stack frames]]>
    </failure>
  </testcase> <!-- loginTestDDT -->
</testsuite> <!-- Test -->
