<?xml version="1.0" encoding="UTF-8"?>
<testng-results ignored="0" total="1" passed="1" failed="0" skipped="0">
  <reporter-output>
  </reporter-output>
  <suite started-at="2023-08-01T10:50:20 IST" name="Suite" finished-at="2023-08-01T10:50:30 IST" duration-ms="10202">
    <groups>
    </groups>
    <test started-at="2023-08-01T10:50:20 IST" name="login" finished-at="2023-08-01T10:50:30 IST" duration-ms="10202">
      <class name="com.online.testcases.logintest_T001">
        <test-method is-config="true" signature="setup(java.lang.String)[pri:0, instance:com.online.testcases.logintest_T001@5542c4ed]" started-at="2023-08-01T10:50:20 IST" name="setup" finished-at="2023-08-01T10:50:26 IST" duration-ms="5750" status="PASS">
          <params>
            <param index="0">
              <value>
                <![CDATA[chrome]]>
              </value>
            </param>
          </params>
          <reporter-output>
          </reporter-output>
        </test-method> <!-- setup -->
        <test-method signature="logintest()[pri:0, instance:com.online.testcases.logintest_T001@5542c4ed]" started-at="2023-08-01T10:50:26 IST" name="logintest" finished-at="2023-08-01T10:50:28 IST" duration-ms="2190" status="PASS">
          <reporter-output>
          </reporter-output>
        </test-method> <!-- logintest -->
        <test-method is-config="true" signature="teardown()[pri:0, instance:com.online.testcases.logintest_T001@5542c4ed]" started-at="2023-08-01T10:50:28 IST" name="teardown" finished-at="2023-08-01T10:50:30 IST" duration-ms="2216" status="PASS">
          <reporter-output>
          </reporter-output>
        </test-method> <!-- teardown -->
      </class> <!-- com.online.testcases.logintest_T001 -->
    </test> <!-- login -->
  </suite> <!-- Suite -->
</testng-results>
